\BOOKMARK [0][-]{chapter.1}{Introduction}{}% 1
\BOOKMARK [1][-]{section.1.1}{Purpose}{chapter.1}% 2
\BOOKMARK [1][-]{section.1.2}{Intended Audience and Reading Suggestions}{chapter.1}% 3
\BOOKMARK [1][-]{section.1.3}{Project Scope}{chapter.1}% 4
\BOOKMARK [0][-]{chapter.2}{Overall Description}{}% 5
\BOOKMARK [1][-]{section.2.1}{Product Perspective}{chapter.2}% 6
\BOOKMARK [1][-]{section.2.2}{Product Functions}{chapter.2}% 7
\BOOKMARK [1][-]{section.2.3}{User Classes and Characteristics}{chapter.2}% 8
\BOOKMARK [1][-]{section.2.4}{Operating Environment}{chapter.2}% 9
\BOOKMARK [1][-]{section.2.5}{Assumptions and Dependencies}{chapter.2}% 10
\BOOKMARK [0][-]{chapter.3}{External Interface Requirements}{}% 11
\BOOKMARK [1][-]{section.3.1}{User Interfaces}{chapter.3}% 12
\BOOKMARK [1][-]{section.3.2}{Hardware Interfaces}{chapter.3}% 13
\BOOKMARK [1][-]{section.3.3}{Software Interfaces}{chapter.3}% 14
\BOOKMARK [0][-]{chapter.4}{System Features}{}% 15
\BOOKMARK [1][-]{section.4.1}{Public website}{chapter.4}% 16
\BOOKMARK [2][-]{subsection.4.1.1}{Main page}{section.4.1}% 17
\BOOKMARK [2][-]{subsection.4.1.2}{Patient Information Page}{section.4.1}% 18
\BOOKMARK [2][-]{subsection.4.1.3}{Doctor Information Page}{section.4.1}% 19
\BOOKMARK [1][-]{section.4.2}{Intranet and Automatic Evaluation Tool}{chapter.4}% 20
\BOOKMARK [2][-]{subsection.4.2.1}{Patient Intranet}{section.4.2}% 21
\BOOKMARK [2][-]{subsection.4.2.2}{Doctor Intranet}{section.4.2}% 22
\BOOKMARK [2][-]{subsection.4.2.3}{Automatic Evaluation Tool}{section.4.2}% 23
